2024-01-03 17:42:30,643 :INFO : test_login :Number entered successfully
2024-01-03 17:51:35,339 :INFO : test_login :Number entered successfully
2024-01-03 17:55:43,493 :INFO : test_login :Number entered successfully
2024-01-03 17:55:49,660 :INFO : test_login :Login Successfully
2024-01-03 18:09:50,984 :INFO : test_login :Number entered successfully
2024-01-03 18:09:57,237 :INFO : test_login :Login Successfully
2024-01-03 19:24:20,185 :INFO : test_login :Number entered successfully
2024-01-03 19:24:26,520 :INFO : test_login :Login Successfully
2024-01-04 10:11:42,637 :INFO : test_login :Number entered successfully
2024-01-04 10:11:48,638 :INFO : test_login :Login Successfully
2024-01-04 10:11:51,049 :INFO : test_login :Number entered successfully
2024-01-04 10:11:51,049 :INFO : test_login :Number entered successfully
2024-01-04 10:11:56,695 :INFO : test_login :Login Successfully
2024-01-04 10:11:56,695 :INFO : test_login :Login Successfully
2024-01-04 10:24:29,324 :INFO : test_login :Number entered successfully
2024-01-04 10:24:35,269 :INFO : test_login :Login Successfully
2024-01-04 10:24:37,684 :INFO : test_login :Number entered successfully
2024-01-04 10:24:37,684 :INFO : test_login :Number entered successfully
2024-01-04 10:24:43,359 :INFO : test_login :Login Successfully
2024-01-04 10:24:43,359 :INFO : test_login :Login Successfully
2024-01-04 10:41:19,693 :INFO : test_login :Number entered successfully
2024-01-04 10:41:26,097 :INFO : test_login :Login Successfully
2024-01-04 10:41:28,539 :INFO : test_login :Number entered successfully
2024-01-04 10:41:28,539 :INFO : test_login :Number entered successfully
2024-01-04 10:41:34,166 :INFO : test_login :Login Successfully
2024-01-04 10:41:34,166 :INFO : test_login :Login Successfully
2024-01-04 10:50:13,366 :INFO : test_login :Number entered successfully
2024-01-04 10:50:28,195 :INFO : test_login :Number entered successfully
2024-01-04 10:50:28,195 :INFO : test_login :Number entered successfully
2024-01-04 10:55:15,772 :INFO : test_login :Number entered successfully
2024-01-04 11:31:31,261 :INFO : test_login :Number entered successfully
2024-01-04 11:31:45,900 :INFO : test_login :Number entered successfully
2024-01-04 11:31:45,900 :INFO : test_login :Number entered successfully
2024-01-04 11:32:21,107 :INFO : test_login :Number entered successfully
2024-01-04 11:32:27,749 :INFO : test_login :Login Successfully
2024-01-04 11:32:30,470 :INFO : test_login :Number entered successfully
2024-01-04 11:32:30,470 :INFO : test_login :Number entered successfully
2024-01-04 11:32:36,281 :INFO : test_login :Login Successfully
2024-01-04 11:32:36,281 :INFO : test_login :Login Successfully
2024-01-04 11:34:01,940 :INFO : test_login :Number entered successfully
2024-01-04 11:34:13,647 :INFO : test_login :Number entered successfully
2024-01-04 11:34:13,647 :INFO : test_login :Number entered successfully
2024-01-04 11:34:26,376 :INFO : test_login :Number entered successfully
2024-01-04 11:34:26,376 :INFO : test_login :Number entered successfully
2024-01-04 11:34:26,376 :INFO : test_login :Number entered successfully
2024-01-04 11:34:32,872 :INFO : test_login :Login Successfully
2024-01-04 11:34:32,872 :INFO : test_login :Login Successfully
2024-01-04 11:34:32,872 :INFO : test_login :Login Successfully
2024-01-04 12:38:15,157 :INFO : test_login :Number entered successfully
2024-01-04 12:38:27,270 :INFO : test_login :Number entered successfully
2024-01-04 12:38:27,270 :INFO : test_login :Number entered successfully
2024-01-04 12:38:40,114 :INFO : test_login :Number entered successfully
2024-01-04 12:38:40,114 :INFO : test_login :Number entered successfully
2024-01-04 12:38:40,114 :INFO : test_login :Number entered successfully
2024-01-04 12:38:46,689 :INFO : test_login :Login Successfully
2024-01-04 12:38:46,689 :INFO : test_login :Login Successfully
2024-01-04 12:38:46,689 :INFO : test_login :Login Successfully
2024-01-04 12:46:40,867 :INFO : test_login :Number entered successfully
2024-01-04 12:46:52,621 :INFO : test_login :Number entered successfully
2024-01-04 12:46:52,621 :INFO : test_login :Number entered successfully
2024-01-04 12:47:05,385 :INFO : test_login :Number entered successfully
2024-01-04 12:47:05,385 :INFO : test_login :Number entered successfully
2024-01-04 12:47:05,385 :INFO : test_login :Number entered successfully
2024-01-04 12:47:11,865 :INFO : test_login :Login Successfully
2024-01-04 12:47:11,865 :INFO : test_login :Login Successfully
2024-01-04 12:47:11,865 :INFO : test_login :Login Successfully
2024-01-04 13:04:02,443 :INFO : test_login :Number entered successfully
2024-01-04 13:04:14,492 :INFO : test_login :Number entered successfully
2024-01-04 13:04:14,492 :INFO : test_login :Number entered successfully
2024-01-04 13:04:27,368 :INFO : test_login :Number entered successfully
2024-01-04 13:04:27,368 :INFO : test_login :Number entered successfully
2024-01-04 13:04:27,368 :INFO : test_login :Number entered successfully
2024-01-04 13:04:33,774 :INFO : test_login :Login Successfully
2024-01-04 13:04:33,774 :INFO : test_login :Login Successfully
2024-01-04 13:04:33,774 :INFO : test_login :Login Successfully
2024-01-04 14:00:00,766 :INFO : test_login :Number entered successfully
2024-01-04 14:00:12,593 :INFO : test_login :Number entered successfully
2024-01-04 14:00:12,593 :INFO : test_login :Number entered successfully
2024-01-04 14:00:25,549 :INFO : test_login :Number entered successfully
2024-01-04 14:00:25,549 :INFO : test_login :Number entered successfully
2024-01-04 14:00:25,549 :INFO : test_login :Number entered successfully
2024-01-04 14:00:32,147 :INFO : test_login :Login Successfully
2024-01-04 14:00:32,147 :INFO : test_login :Login Successfully
2024-01-04 14:00:32,147 :INFO : test_login :Login Successfully
2024-01-04 14:08:13,347 :INFO : test_login :Number entered successfully
2024-01-04 14:08:25,252 :INFO : test_login :Number entered successfully
2024-01-04 14:08:25,252 :INFO : test_login :Number entered successfully
2024-01-04 14:08:38,071 :INFO : test_login :Number entered successfully
2024-01-04 14:08:38,071 :INFO : test_login :Number entered successfully
2024-01-04 14:08:38,071 :INFO : test_login :Number entered successfully
2024-01-04 14:08:44,341 :INFO : test_login :Login Successfully
2024-01-04 14:08:44,341 :INFO : test_login :Login Successfully
2024-01-04 14:08:44,341 :INFO : test_login :Login Successfully
2024-01-04 15:00:29,513 :INFO : test_login :Number entered successfully
2024-01-04 15:00:41,376 :INFO : test_login :Number entered successfully
2024-01-04 15:00:41,376 :INFO : test_login :Number entered successfully
2024-01-04 15:00:54,284 :INFO : test_login :Number entered successfully
2024-01-04 15:00:54,284 :INFO : test_login :Number entered successfully
2024-01-04 15:00:54,284 :INFO : test_login :Number entered successfully
2024-01-04 15:01:00,544 :INFO : test_login :Login Successfully
2024-01-04 15:01:00,544 :INFO : test_login :Login Successfully
2024-01-04 15:01:00,544 :INFO : test_login :Login Successfully
2024-01-04 15:05:31,407 :INFO : test_login :Number entered successfully
2024-01-04 15:05:43,185 :INFO : test_login :Number entered successfully
2024-01-04 15:05:43,185 :INFO : test_login :Number entered successfully
2024-01-04 15:05:56,120 :INFO : test_login :Number entered successfully
2024-01-04 15:05:56,120 :INFO : test_login :Number entered successfully
2024-01-04 15:05:56,120 :INFO : test_login :Number entered successfully
2024-01-04 15:06:02,880 :INFO : test_login :Login Successfully
2024-01-04 15:06:02,880 :INFO : test_login :Login Successfully
2024-01-04 15:06:02,880 :INFO : test_login :Login Successfully
2024-01-04 15:11:52,486 :INFO : test_login :Number entered successfully
2024-01-04 15:12:04,427 :INFO : test_login :Number entered successfully
2024-01-04 15:12:04,427 :INFO : test_login :Number entered successfully
2024-01-04 15:12:17,291 :INFO : test_login :Number entered successfully
2024-01-04 15:12:17,291 :INFO : test_login :Number entered successfully
2024-01-04 15:12:17,291 :INFO : test_login :Number entered successfully
2024-01-04 15:12:23,928 :INFO : test_login :Login Successfully
2024-01-04 15:12:23,928 :INFO : test_login :Login Successfully
2024-01-04 15:12:23,928 :INFO : test_login :Login Successfully
2024-01-04 15:19:39,600 :INFO : test_login :Number entered successfully
2024-01-04 15:19:51,390 :INFO : test_login :Number entered successfully
2024-01-04 15:19:51,390 :INFO : test_login :Number entered successfully
2024-01-04 15:20:04,086 :INFO : test_login :Number entered successfully
2024-01-04 15:20:04,086 :INFO : test_login :Number entered successfully
2024-01-04 15:20:04,086 :INFO : test_login :Number entered successfully
2024-01-04 15:20:10,681 :INFO : test_login :Login Successfully
2024-01-04 15:20:10,681 :INFO : test_login :Login Successfully
2024-01-04 15:20:10,681 :INFO : test_login :Login Successfully
2024-01-04 16:12:13,449 :INFO : test_login :Number entered successfully
2024-01-04 16:12:25,225 :INFO : test_login :Number entered successfully
2024-01-04 16:12:25,225 :INFO : test_login :Number entered successfully
2024-01-04 16:12:37,896 :INFO : test_login :Number entered successfully
2024-01-04 16:12:37,896 :INFO : test_login :Number entered successfully
2024-01-04 16:12:37,896 :INFO : test_login :Number entered successfully
2024-01-04 16:12:44,394 :INFO : test_login :Login Successfully
2024-01-04 16:12:44,394 :INFO : test_login :Login Successfully
2024-01-04 16:12:44,394 :INFO : test_login :Login Successfully
2024-01-04 16:17:32,089 :INFO : test_login :Number entered successfully
2024-01-04 16:17:43,861 :INFO : test_login :Number entered successfully
2024-01-04 16:17:43,861 :INFO : test_login :Number entered successfully
2024-01-04 16:17:59,298 :INFO : test_login :Number entered successfully
2024-01-04 16:17:59,298 :INFO : test_login :Number entered successfully
2024-01-04 16:17:59,298 :INFO : test_login :Number entered successfully
2024-01-04 16:19:03,397 :INFO : test_login :Number entered successfully
2024-01-04 16:19:14,896 :INFO : test_login :Number entered successfully
2024-01-04 16:19:14,896 :INFO : test_login :Number entered successfully
2024-01-04 16:19:28,799 :INFO : test_login :Number entered successfully
2024-01-04 16:19:28,799 :INFO : test_login :Number entered successfully
2024-01-04 16:19:28,799 :INFO : test_login :Number entered successfully
2024-01-04 16:28:18,602 :INFO : test_login :Number entered successfully
2024-01-04 16:28:30,164 :INFO : test_login :Number entered successfully
2024-01-04 16:28:30,164 :INFO : test_login :Number entered successfully
2024-01-04 16:28:33,904 :INFO : test_login :Number entered successfully
2024-01-04 16:28:33,904 :INFO : test_login :Number entered successfully
2024-01-04 16:28:40,749 :INFO : test_login :Login Successfully
2024-01-04 16:28:40,749 :INFO : test_login :Login Successfully
2024-01-04 16:28:45,213 :INFO : test_login :Number entered successfully
2024-01-04 16:28:45,213 :INFO : test_login :Number entered successfully
2024-01-04 16:28:45,213 :INFO : test_login :Number entered successfully
2024-01-04 16:28:48,903 :INFO : test_login :Number entered successfully
2024-01-04 16:28:48,903 :INFO : test_login :Number entered successfully
2024-01-04 16:28:48,903 :INFO : test_login :Number entered successfully
2024-01-04 16:28:54,720 :INFO : test_login :Login Successfully
2024-01-04 16:28:54,720 :INFO : test_login :Login Successfully
2024-01-04 16:28:54,720 :INFO : test_login :Login Successfully
2024-01-04 16:43:09,565 :INFO : test_login :Number entered successfully
2024-01-04 16:43:21,546 :INFO : test_login :Number entered successfully
2024-01-04 16:43:21,546 :INFO : test_login :Number entered successfully
2024-01-04 16:43:36,479 :INFO : test_login :Number entered successfully
2024-01-04 16:43:36,479 :INFO : test_login :Number entered successfully
2024-01-04 16:43:36,479 :INFO : test_login :Number entered successfully
2024-01-04 16:44:41,791 :INFO : test_login :Number entered successfully
2024-01-04 16:44:53,401 :INFO : test_login :Number entered successfully
2024-01-04 16:44:53,401 :INFO : test_login :Number entered successfully
2024-01-04 16:45:06,600 :INFO : test_login :Number entered successfully
2024-01-04 16:45:06,600 :INFO : test_login :Number entered successfully
2024-01-04 16:45:06,600 :INFO : test_login :Number entered successfully
2024-01-04 16:45:12,601 :INFO : test_login :Login Successfully
2024-01-04 16:45:12,601 :INFO : test_login :Login Successfully
2024-01-04 16:45:12,601 :INFO : test_login :Login Successfully
2024-01-04 19:51:15,649 :INFO : test_profile :Number entered successfully
2024-01-04 19:51:17,751 :INFO : test_profile :Login Successfully
2024-01-04 19:56:30,601 :INFO : test_profile :Number entered successfully
2024-01-04 19:56:32,746 :INFO : test_profile :Login Successfully
2024-01-04 19:56:35,913 :INFO : test_profile :profile button
2024-01-04 19:56:36,078 :INFO : test_profile :Manage profile button
2024-01-05 10:33:33,205 :INFO : test_profile :Number entered successfully
2024-01-05 10:33:35,190 :INFO : test_profile :Login Successfully
2024-01-05 10:33:38,373 :INFO : test_profile :profile button
2024-01-05 10:33:38,484 :INFO : test_profile :Manage profile button
2024-01-05 10:35:20,436 :INFO : test_profile :Number entered successfully
2024-01-05 10:35:22,428 :INFO : test_profile :Login Successfully
2024-01-05 10:35:25,591 :INFO : test_profile :profile button
2024-01-05 10:35:25,726 :INFO : test_profile :Manage profile button
2024-01-05 10:41:36,995 :INFO : test_profile :Number entered successfully
2024-01-05 10:41:38,972 :INFO : test_profile :Login Successfully
2024-01-05 10:41:42,196 :INFO : test_profile :profile button
2024-01-05 10:41:42,303 :INFO : test_profile :Manage profile button
2024-01-05 10:56:18,006 :INFO : test_profile :Number entered successfully
2024-01-05 10:56:19,936 :INFO : test_profile :Login Successfully
2024-01-05 10:56:23,206 :INFO : test_profile :profile button
2024-01-05 10:56:23,338 :INFO : test_profile :Manage profile button
2024-01-05 10:58:56,776 :INFO : test_profile :Number entered successfully
2024-01-05 10:58:58,793 :INFO : test_profile :Login Successfully
2024-01-05 10:59:02,003 :INFO : test_profile :profile button
2024-01-05 10:59:02,136 :INFO : test_profile :Manage profile button
2024-01-05 11:10:29,195 :INFO : test_profile :Number entered successfully
2024-01-05 11:10:31,952 :INFO : test_profile :Login Successfully
2024-01-05 11:10:35,172 :INFO : test_profile :profile button
2024-01-05 11:10:35,280 :INFO : test_profile :Manage profile button
2024-01-05 11:53:23,192 :INFO : test_profile :Number entered successfully
2024-01-05 11:53:25,328 :INFO : test_profile :Login Successfully
2024-01-05 11:53:29,059 :INFO : test_profile :profile button
2024-01-05 11:54:59,203 :INFO : test_profile :Number entered successfully
2024-01-05 11:55:01,241 :INFO : test_profile :Login Successfully
2024-01-05 11:55:04,449 :INFO : test_profile :profile button
2024-01-05 12:05:20,056 :INFO : test_profile :Number entered successfully
2024-01-05 12:05:22,286 :INFO : test_profile :Login Successfully
2024-01-05 12:05:25,475 :INFO : test_profile :profile button
2024-01-05 12:10:38,350 :INFO : test_profile :Number entered successfully
2024-01-05 12:10:40,625 :INFO : test_profile :Login Successfully
2024-01-05 12:10:43,774 :INFO : test_profile :profile button
2024-01-05 12:14:10,269 :INFO : test_profile :Number entered successfully
2024-01-05 12:14:12,421 :INFO : test_profile :Login Successfully
2024-01-05 12:14:15,608 :INFO : test_profile :profile button
2024-01-05 13:05:32,995 :INFO : test_profile :Number entered successfully
2024-01-05 13:05:35,133 :INFO : test_profile :Login Successfully
2024-01-05 13:05:38,301 :INFO : test_profile :profile button
2024-01-05 13:06:26,413 :INFO : test_profile :Number entered successfully
2024-01-05 13:06:28,684 :INFO : test_profile :Login Successfully
2024-01-05 13:06:31,826 :INFO : test_profile :profile button
2024-01-05 13:07:32,758 :INFO : test_profile :Number entered successfully
2024-01-05 13:07:34,978 :INFO : test_profile :Login Successfully
2024-01-05 13:07:38,468 :INFO : test_profile :profile button
2024-01-05 13:10:04,854 :INFO : test_profile :Number entered successfully
2024-01-05 13:10:07,177 :INFO : test_profile :Login Successfully
2024-01-05 13:10:10,322 :INFO : test_profile :profile button
2024-01-05 13:12:01,766 :INFO : test_profile :Number entered successfully
2024-01-05 13:12:04,015 :INFO : test_profile :Login Successfully
2024-01-05 13:12:07,192 :INFO : test_profile :profile button
2024-01-05 13:14:18,496 :INFO : test_profile :Number entered successfully
2024-01-05 13:14:20,753 :INFO : test_profile :Login Successfully
2024-01-05 13:14:23,961 :INFO : test_profile :profile button
2024-01-05 13:22:20,422 :INFO : test_profile :Number entered successfully
2024-01-05 13:22:22,457 :INFO : test_profile :Login Successfully
2024-01-05 13:22:25,685 :INFO : test_profile :profile button
2024-01-05 14:39:14,905 :INFO : test_profile :Number entered successfully
2024-01-05 14:39:16,997 :INFO : test_profile :Login Successfully
2024-01-05 14:39:20,275 :INFO : test_profile :profile button
2024-01-05 15:00:09,811 :INFO : test_profile :Number entered successfully
2024-01-05 15:00:11,905 :INFO : test_profile :Login Successfully
2024-01-05 15:00:15,106 :INFO : test_profile :profile button
2024-01-05 17:00:19,982 :INFO : test_profile :Number entered successfully
2024-01-05 17:00:23,555 :INFO : test_profile :Login Successfully
2024-01-05 17:00:26,786 :INFO : test_profile :profile button
2024-01-05 17:06:49,390 :INFO : test_profile :Number entered successfully
2024-01-05 17:06:51,395 :INFO : test_profile :Login Successfully
2024-01-05 17:06:54,598 :INFO : test_profile :profile button
2024-01-05 17:07:54,579 :INFO : test_profile :Number entered successfully
2024-01-05 17:07:56,653 :INFO : test_profile :Login Successfully
2024-01-05 17:07:59,954 :INFO : test_profile :profile button
2024-01-05 17:21:24,892 :INFO : test_profile :Number entered successfully
2024-01-05 17:21:27,142 :INFO : test_profile :Login Successfully
2024-01-05 17:21:30,310 :INFO : test_profile :profile button
2024-01-05 17:24:43,874 :INFO : test_profile :Number entered successfully
2024-01-05 17:24:46,112 :INFO : test_profile :Login Successfully
2024-01-05 17:24:49,321 :INFO : test_profile :profile button
2024-01-05 17:26:02,380 :INFO : test_profile :Number entered successfully
2024-01-05 17:26:04,464 :INFO : test_profile :Login Successfully
2024-01-05 17:26:07,675 :INFO : test_profile :profile button
2024-01-05 17:27:52,496 :INFO : test_profile :Number entered successfully
2024-01-05 17:27:55,151 :INFO : test_profile :Login Successfully
2024-01-05 17:27:58,778 :INFO : test_profile :profile button
2024-01-05 17:29:42,533 :INFO : test_profile :Number entered successfully
2024-01-05 17:29:44,721 :INFO : test_profile :Login Successfully
2024-01-05 17:29:47,980 :INFO : test_profile :profile button
2024-01-05 17:30:54,707 :INFO : test_profile :Number entered successfully
2024-01-05 17:30:57,190 :INFO : test_profile :Login Successfully
2024-01-05 17:31:00,366 :INFO : test_profile :profile button
2024-01-05 17:32:53,312 :INFO : test_profile :Number entered successfully
2024-01-05 17:32:55,445 :INFO : test_profile :Login Successfully
2024-01-05 17:32:58,653 :INFO : test_profile :profile button
2024-01-05 17:41:56,758 :INFO : test_profile :Number entered successfully
2024-01-05 17:41:58,924 :INFO : test_profile :Login Successfully
2024-01-05 17:42:02,403 :INFO : test_profile :profile button
2024-01-05 17:43:28,424 :INFO : test_profile :Number entered successfully
2024-01-05 17:43:31,040 :INFO : test_profile :Login Successfully
2024-01-05 17:43:34,220 :INFO : test_profile :profile button
2024-01-05 17:47:45,699 :INFO : test_profile :Number entered successfully
2024-01-05 17:47:47,996 :INFO : test_profile :Login Successfully
2024-01-05 17:47:51,195 :INFO : test_profile :profile button
2024-01-05 17:54:59,137 :INFO : test_login :Number entered successfully
2024-01-05 17:55:11,117 :INFO : test_login :Number entered successfully
2024-01-05 17:55:11,117 :INFO : test_login :Number entered successfully
2024-01-05 17:55:24,069 :INFO : test_login :Number entered successfully
2024-01-05 17:55:24,069 :INFO : test_login :Number entered successfully
2024-01-05 17:55:24,069 :INFO : test_login :Number entered successfully
2024-01-05 17:55:30,179 :INFO : test_login :Login Successfully
2024-01-05 17:55:30,179 :INFO : test_login :Login Successfully
2024-01-05 17:55:30,179 :INFO : test_login :Login Successfully
2025-05-27 13:49:02,869 :INFO : test_login :Number entered successfully
2025-05-27 13:56:00,294 :INFO : test_login :Number entered successfully
2025-05-27 13:58:28,156 :INFO : test_login :Number entered successfully
2025-05-27 14:02:00,952 :INFO : test_login :Number entered successfully
2025-05-27 14:16:14,391 :INFO : test_login :Number entered successfully
2025-05-27 15:02:11,967 :INFO : test_login :Number entered successfully
2025-05-27 15:04:03,728 :INFO : test_login :Number entered successfully
2025-05-27 15:05:42,651 :INFO : test_login :Number entered successfully
2025-05-27 15:07:01,356 :INFO : test_login :Number entered successfully
2025-05-27 15:07:38,463 :INFO : test_login :Number entered successfully
2025-05-27 15:08:47,004 :INFO : test_login :Number entered successfully
2025-05-27 15:11:32,342 :INFO : test_login :Number entered successfully
2025-05-27 15:20:50,455 :INFO : test_login :Number entered successfully
2025-05-27 15:21:00,387 :INFO : test_login :Login Successfully
2025-05-27 15:22:32,724 :INFO : test_login :Number entered successfully
2025-05-27 15:22:40,523 :INFO : test_login :Login Successfully
2025-05-27 15:23:59,846 :INFO : test_login :Number entered successfully
2025-05-27 15:25:19,976 :INFO : test_login :Login Successfully
2025-05-27 15:27:21,141 :INFO : test_login :Number entered successfully
2025-05-27 15:27:26,068 :INFO : test_login :Login Successfully
2025-05-27 16:34:03,808 :INFO : test_login :Number entered successfully
2025-05-27 16:34:08,916 :INFO : test_login :Login Successfully
2025-05-27 16:38:08,709 :INFO : test_login :Number entered successfully
2025-05-27 16:38:13,666 :INFO : test_login :Login Successfully
2025-05-27 16:39:49,093 :INFO : test_login :Number entered successfully
2025-05-27 16:39:54,194 :INFO : test_login :Login Successfully
2025-05-27 16:47:17,074 :INFO : test_login :Number entered successfully
2025-05-27 16:47:22,297 :INFO : test_login :Login Successfully
2025-05-27 16:48:00,603 :INFO : test_login :Number entered successfully
2025-05-27 16:48:14,036 :INFO : test_login :Login Successfully
2025-05-27 16:48:53,081 :INFO : test_login :Number entered successfully
2025-05-27 16:48:58,030 :INFO : test_login :Login Successfully
2025-05-27 16:49:32,814 :INFO : test_login :Number entered successfully
2025-05-27 16:49:49,774 :INFO : test_login :Login Successfully
2025-05-27 16:52:05,303 :INFO : test_login :Number entered successfully
2025-05-27 16:52:16,084 :INFO : test_login :Login Successfully
2025-05-27 16:53:35,389 :INFO : test_login :Number entered successfully
2025-05-27 16:53:59,587 :INFO : test_login :Login Successfully
2025-05-27 17:07:08,730 :INFO : test_login :Number entered successfully
2025-05-27 17:08:10,752 :INFO : test_login :Login Successfully
2025-05-27 17:09:31,956 :INFO : test_login :Number entered successfully
2025-05-27 17:09:46,444 :INFO : test_login :Login Successfully
2025-05-27 17:11:26,507 :INFO : test_login :Number entered successfully
2025-05-27 17:11:48,045 :INFO : test_login :Login Successfully
2025-05-27 17:33:05,152 :INFO : test_login :Number entered successfully
2025-05-27 17:33:18,886 :INFO : test_login :Login Successfully
2025-05-27 17:34:40,436 :INFO : test_login :Number entered successfully
2025-05-27 17:34:51,674 :INFO : test_login :Login Successfully
2025-05-27 17:38:43,633 :INFO : test_login :Number entered successfully
2025-05-27 17:38:51,173 :INFO : test_login :Login Successfully
2025-05-27 17:53:14,113 :INFO : test_login :Number entered successfully
2025-05-27 17:53:19,101 :INFO : test_login :Login Successfully
2025-05-27 17:58:12,389 :INFO : test_login :Number entered successfully
2025-05-27 17:59:13,981 :INFO : test_login :Number entered successfully
2025-05-27 17:59:19,676 :INFO : test_login :Login Successfully
2025-05-27 18:00:36,163 :INFO : test_login :Number entered successfully
2025-05-27 18:00:41,713 :INFO : test_login :Login Successfully
2025-05-27 18:02:21,575 :INFO : test_login :Number entered successfully
2025-05-27 18:02:26,996 :INFO : test_login :Login Successfully
2025-05-27 18:26:52,760 :INFO : test_login :Number entered successfully
2025-05-27 18:26:57,995 :INFO : test_login :Login Successfully
2025-05-27 18:33:40,815 :INFO : test_login :Number entered successfully
2025-05-27 18:33:46,185 :INFO : test_login :Login Successfully
2025-05-27 18:38:18,274 :INFO : test_login :Number entered successfully
2025-05-27 18:38:23,406 :INFO : test_login :Login Successfully
2025-05-27 18:59:17,381 :INFO : test_login :Number entered successfully
2025-05-27 18:59:22,467 :INFO : test_login :Login Successfully
2025-05-27 19:00:25,123 :INFO : test_login :Number entered successfully
2025-05-27 19:01:11,928 :INFO : test_login :Number entered successfully
2025-05-27 19:01:17,315 :INFO : test_login :Login Successfully
2025-05-29 12:56:58,125 :INFO : test_login :Number entered successfully
2025-05-29 12:57:03,175 :INFO : test_login :Login Successfully
2025-05-29 15:18:35,343 :INFO : test_login :Number entered successfully
2025-05-29 15:18:40,366 :INFO : test_login :Login Successfully
2025-05-29 15:19:46,298 :INFO : test_login :Number entered successfully
2025-05-29 15:19:51,254 :INFO : test_login :Login Successfully
2025-05-29 15:22:13,855 :INFO : test_login :Number entered successfully
2025-05-29 15:22:18,701 :INFO : test_login :Login Successfully
2025-05-29 15:27:33,425 :INFO : test_login :Number entered successfully
2025-05-29 15:27:38,654 :INFO : test_login :Login Successfully
2025-05-29 15:28:53,851 :INFO : test_login :Number entered successfully
2025-05-29 15:29:39,457 :INFO : test_login :Number entered successfully
2025-05-29 15:30:15,791 :INFO : test_login :Number entered successfully
2025-05-29 15:30:20,893 :INFO : test_login :Login Successfully
2025-05-29 15:38:14,599 :INFO : test_login :Number entered successfully
2025-05-29 15:38:19,989 :INFO : test_login :Login Successfully
2025-05-29 15:42:44,831 :INFO : test_login :Number entered successfully
2025-05-29 15:42:50,073 :INFO : test_login :Login Successfully
2025-05-29 15:45:35,819 :INFO : test_login :Number entered successfully
2025-05-29 15:45:41,000 :INFO : test_login :Login Successfully
2025-05-29 15:46:38,752 :INFO : test_login :Number entered successfully
2025-05-29 15:46:43,772 :INFO : test_login :Login Successfully
2025-05-29 15:51:47,041 :INFO : test_login :Number entered successfully
2025-05-29 15:51:52,230 :INFO : test_login :Login Successfully
2025-05-29 15:55:57,149 :INFO : test_login :Number entered successfully
2025-05-29 15:56:02,935 :INFO : test_login :Login Successfully
2025-06-12 13:07:41,869 :INFO : test_login :Number entered successfully
2025-06-12 13:07:46,902 :INFO : test_login :Login Successfully
2025-07-21 11:46:04,381 :INFO : test_login :Number entered successfully
2025-07-21 11:47:39,333 :INFO : test_login :Number entered successfully
2025-07-21 11:47:44,990 :INFO : test_login :Login Successfully
2025-07-21 14:13:36,520 :INFO : test_login :Number entered successfully
2025-07-21 14:13:41,155 :INFO : test_login :Login Successfully
2025-07-21 14:26:19,942 :INFO : test_login :Number entered successfully
2025-07-21 14:26:23,999 :INFO : test_login :Login Successfully
2025-07-21 14:28:53,140 :INFO : test_login :Number entered successfully
2025-07-21 14:28:57,271 :INFO : test_login :Login Successfully
2025-07-21 14:29:44,427 :INFO : test_login :Number entered successfully
2025-07-21 14:29:48,502 :INFO : test_login :Login Successfully
2025-07-21 14:30:15,524 :INFO : test_login :Number entered successfully
2025-07-21 14:30:19,553 :INFO : test_login :Login Successfully
2025-07-21 14:33:22,890 :INFO : test_login :Number entered successfully
2025-07-21 14:33:50,289 :INFO : test_login :Number entered successfully
2025-07-21 14:34:32,717 :INFO : test_login :Number entered successfully
2025-07-21 14:34:36,869 :INFO : test_login :Login Successfully
2025-07-21 14:41:55,084 :INFO : test_login :Number entered successfully
2025-07-21 14:41:59,045 :INFO : test_login :Login Successfully
2025-07-21 14:52:26,328 :INFO : test_login :Number entered successfully
2025-07-21 14:52:30,153 :INFO : test_login :Login Successfully
2025-07-21 14:53:35,081 :INFO : test_login :Number entered successfully
2025-07-21 14:53:39,167 :INFO : test_login :Login Successfully
